# JRE version: OpenJDK Runtime Environment (17.0.10) (build 17.0.10+0--11572160)
# Java VM: OpenJDK 64-Bit Server VM (17.0.10+0--11572160, mixed mode, tiered, compressed oops, compressed class ptrs, g1 gc, windows-amd64)
GC Precious Log:
 CPUs: 8 total, 8 available
 Memory: 10116M
 Large Page Support: Disabled
 NUMA Support: Disabled
 Compressed Oops: Enabled (32-bit)
 Heap Region Size: 1M
 Heap Min Capacity: 8M
 Heap Initial Capacity: 160M
 Heap Max Capacity: 2G
 Pre-touch: Disabled
 Parallel Workers: 8
 Concurrent Workers: 2
 Concurrent Refinement Workers: 8
 Periodic GC: Disabled
Heap:
 garbage-first heap   total 321536K, used 156709K [0x0000000080000000, 0x0000000100000000)
  region size 1024K, 4 young (4096K), 4 survivors (4096K)
 Metaspace       used 145012K, committed 146048K, reserved 1179648K
  class space    used 19322K, committed 19840K, reserved 1048576K
GC Heap History (20 events):
Event: 1168.653 GC heap after
{Heap after GC invocations=71 (full 0):
 garbage-first heap   total 312320K, used 138853K [0x0000000080000000, 0x0000000100000000)
  region size 1024K, 2 young (2048K), 2 survivors (2048K)
 Metaspace       used 137138K, committed 138112K, reserved 1179648K
  class space    used 18478K, committed 18944K, reserved 1048576K
}
Event: 1169.063 GC heap before
{Heap before GC invocations=71 (full 0):
 garbage-first heap   total 312320K, used 159333K [0x0000000080000000, 0x0000000100000000)
  region size 1024K, 23 young (23552K), 2 survivors (2048K)
 Metaspace       used 137257K, committed 138176K, reserved 1179648K
  class space    used 18493K, committed 18944K, reserved 1048576K
}
Event: 1169.075 GC heap after
{Heap after GC invocations=72 (full 0):
 garbage-first heap   total 312320K, used 141835K [0x0000000080000000, 0x0000000100000000)
  region size 1024K, 5 young (5120K), 5 survivors (5120K)
 Metaspace       used 137257K, committed 138176K, reserved 1179648K
  class space    used 18493K, committed 18944K, reserved 1048576K
}
Event: 1172.482 GC heap before
{Heap before GC invocations=73 (full 0):
 garbage-first heap   total 312320K, used 265739K [0x0000000080000000, 0x0000000100000000)
  region size 1024K, 100 young (102400K), 5 survivors (5120K)
 Metaspace       used 142928K, committed 143936K, reserved 1179648K
  class space    used 19122K, committed 19584K, reserved 1048576K
}
Event: 1172.493 GC heap after
{Heap after GC invocations=74 (full 0):
 garbage-first heap   total 312320K, used 139265K [0x0000000080000000, 0x0000000100000000)
  region size 1024K, 7 young (7168K), 7 survivors (7168K)
 Metaspace       used 142928K, committed 143936K, reserved 1179648K
  class space    used 19122K, committed 19584K, reserved 1048576K
}
Event: 1172.535 GC heap before
{Heap before GC invocations=74 (full 0):
 garbage-first heap   total 312320K, used 146433K [0x0000000080000000, 0x0000000100000000)
  region size 1024K, 15 young (15360K), 7 survivors (7168K)
 Metaspace       used 143245K, committed 144320K, reserved 1179648K
  class space    used 19174K, committed 19712K, reserved 1048576K
}
Event: 1172.552 GC heap after
{Heap after GC invocations=75 (full 0):
 garbage-first heap   total 312320K, used 122350K [0x0000000080000000, 0x0000000100000000)
  region size 1024K, 1 young (1024K), 1 survivors (1024K)
 Metaspace       used 143245K, committed 144320K, reserved 1179648K
  class space    used 19174K, committed 19712K, reserved 1048576K
}
Event: 1178.650 GC heap before
{Heap before GC invocations=75 (full 0):
 garbage-first heap   total 312320K, used 231918K [0x0000000080000000, 0x0000000100000000)
  region size 1024K, 110 young (112640K), 1 survivors (1024K)
 Metaspace       used 144512K, committed 145600K, reserved 1179648K
  class space    used 19313K, committed 19840K, reserved 1048576K
}
Event: 1178.661 GC heap after
{Heap after GC invocations=76 (full 0):
 garbage-first heap   total 312320K, used 128345K [0x0000000080000000, 0x0000000100000000)
  region size 1024K, 7 young (7168K), 7 survivors (7168K)
 Metaspace       used 144512K, committed 145600K, reserved 1179648K
  class space    used 19313K, committed 19840K, reserved 1048576K
}
Event: 1262.691 GC heap before
{Heap before GC invocations=77 (full 0):
 garbage-first heap   total 312320K, used 290137K [0x0000000080000000, 0x0000000100000000)
  region size 1024K, 103 young (105472K), 7 survivors (7168K)
 Metaspace       used 144765K, committed 145792K, reserved 1179648K
  class space    used 19320K, committed 19840K, reserved 1048576K
}
Event: 1262.721 GC heap after
{Heap after GC invocations=78 (full 0):
 garbage-first heap   total 313344K, used 143095K [0x0000000080000000, 0x0000000100000000)
  region size 1024K, 15 young (15360K), 15 survivors (15360K)
 Metaspace       used 144765K, committed 145792K, reserved 1179648K
  class space    used 19320K, committed 19840K, reserved 1048576K
}
Event: 1262.725 GC heap before
{Heap before GC invocations=78 (full 0):
 garbage-first heap   total 313344K, used 144119K [0x0000000080000000, 0x0000000100000000)
  region size 1024K, 16 young (16384K), 15 survivors (15360K)
 Metaspace       used 144765K, committed 145792K, reserved 1179648K
  class space    used 19320K, committed 19840K, reserved 1048576K
}
Event: 1262.794 GC heap after
{Heap after GC invocations=79 (full 0):
 garbage-first heap   total 313344K, used 143300K [0x0000000080000000, 0x0000000100000000)
  region size 1024K, 2 young (2048K), 2 survivors (2048K)
 Metaspace       used 144765K, committed 145792K, reserved 1179648K
  class space    used 19320K, committed 19840K, reserved 1048576K
}
Event: 1263.330 GC heap before
{Heap before GC invocations=79 (full 0):
 garbage-first heap   total 313344K, used 177092K [0x0000000080000000, 0x0000000100000000)
  region size 1024K, 37 young (37888K), 2 survivors (2048K)
 Metaspace       used 144833K, committed 145856K, reserved 1179648K
  class space    used 19320K, committed 19840K, reserved 1048576K
}
Event: 1263.344 GC heap after
{Heap after GC invocations=80 (full 0):
 garbage-first heap   total 313344K, used 160120K [0x0000000080000000, 0x0000000100000000)
  region size 1024K, 13 young (13312K), 13 survivors (13312K)
 Metaspace       used 144833K, committed 145856K, reserved 1179648K
  class space    used 19320K, committed 19840K, reserved 1048576K
}
Event: 1273.389 GC heap before
{Heap before GC invocations=81 (full 0):
 garbage-first heap   total 321536K, used 248184K [0x0000000080000000, 0x0000000100000000)
  region size 1024K, 72 young (73728K), 13 survivors (13312K)
 Metaspace       used 144970K, committed 145984K, reserved 1179648K
  class space    used 19321K, committed 19840K, reserved 1048576K
}
Event: 1273.419 GC heap after
{Heap after GC invocations=82 (full 0):
 garbage-first heap   total 321536K, used 166777K [0x0000000080000000, 0x0000000100000000)
  region size 1024K, 7 young (7168K), 7 survivors (7168K)
 Metaspace       used 144970K, committed 145984K, reserved 1179648K
  class space    used 19321K, committed 19840K, reserved 1048576K
}
Event: 1273.529 GC heap before
{Heap before GC invocations=82 (full 0):
 garbage-first heap   total 321536K, used 173945K [0x0000000080000000, 0x0000000100000000)
  region size 1024K, 15 young (15360K), 7 survivors (7168K)
 Metaspace       used 144977K, committed 145984K, reserved 1179648K
  class space    used 19321K, committed 19840K, reserved 1048576K
}
Event: 1273.550 GC heap after
{Heap after GC invocations=83 (full 0):
 garbage-first heap   total 321536K, used 155163K [0x0000000080000000, 0x0000000100000000)
  region size 1024K, 2 young (2048K), 2 survivors (2048K)
 Metaspace       used 144977K, committed 145984K, reserved 1179648K
  class space    used 19321K, committed 19840K, reserved 1048576K
}
Event: 1274.154 GC heap before
{Heap before GC invocations=83 (full 0):
 garbage-first heap   total 321536K, used 199195K [0x0000000080000000, 0x0000000100000000)
  region size 1024K, 47 young (48128K), 2 survivors (2048K)
 Metaspace       used 145012K, committed 146048K, reserved 1179648K
  class space    used 19322K, committed 19840K, reserved 1048576K
}

